{
  "0 debug pnpm:scope": {
    "selected": 1
  },
  "1 info pnpm": {
    "err": {
      "name": "Error",
      "message": "not found: oinstall",
      "code": "ENOENT",
      "stack": "Error: not found: oinstall\n    at getNotFoundError (/Users/wuzhixin/.nvm/versions/node/v18.4.0/lib/node_modules/pnpm/dist/pnpm.cjs:21148:51)\n    at Function.whichSync [as sync] (/Users/wuzhixin/.nvm/versions/node/v18.4.0/lib/node_modules/pnpm/dist/pnpm.cjs:21225:13)\n    at getCommandAbsolutePathSync (/Users/wuzhixin/.nvm/versions/node/v18.4.0/lib/node_modules/pnpm/dist/pnpm.cjs:22903:44)\n    at default_1 (/Users/wuzhixin/.nvm/versions/node/v18.4.0/lib/node_modules/pnpm/dist/pnpm.cjs:22912:32)\n    at /Users/wuzhixin/.nvm/versions/node/v18.4.0/lib/node_modules/pnpm/dist/pnpm.cjs:184716:39"
    }
  },
  "2 error pnpm": {
    "code": "ERR_PNPM_RECURSIVE_EXEC_FIRST_FAIL",
    "prefix": "/Users/wuzhixin/Desktop/workspace/fantasy-design/packages/components",
    "err": {
      "name": "pnpm",
      "message": "not found: oinstall",
      "code": "ERR_PNPM_RECURSIVE_EXEC_FIRST_FAIL",
      "stack": "Error: not found: oinstall\n    at getNotFoundError (/Users/wuzhixin/.nvm/versions/node/v18.4.0/lib/node_modules/pnpm/dist/pnpm.cjs:21148:51)\n    at Function.whichSync [as sync] (/Users/wuzhixin/.nvm/versions/node/v18.4.0/lib/node_modules/pnpm/dist/pnpm.cjs:21225:13)\n    at getCommandAbsolutePathSync (/Users/wuzhixin/.nvm/versions/node/v18.4.0/lib/node_modules/pnpm/dist/pnpm.cjs:22903:44)\n    at default_1 (/Users/wuzhixin/.nvm/versions/node/v18.4.0/lib/node_modules/pnpm/dist/pnpm.cjs:22912:32)\n    at /Users/wuzhixin/.nvm/versions/node/v18.4.0/lib/node_modules/pnpm/dist/pnpm.cjs:184716:39"
    }
  }
}